# JRE version: Java(TM) SE Runtime Environment (17.0.6+9) (build 17.0.6+9-LTS-190)
# Java VM: Java HotSpot(TM) 64-Bit Server VM (17.0.6+9-LTS-190, mixed mode, sharing, tiered, compressed oops, compressed class ptrs, g1 gc, windows-amd64)
GC Precious Log:
 CPUs: 12 total, 12 available
 Memory: 7521M
 Large Page Support: Disabled
 NUMA Support: Disabled
 Compressed Oops: Enabled (32-bit)
 Heap Region Size: 1M
 Heap Min Capacity: 8M
 Heap Initial Capacity: 118M
 Heap Max Capacity: 1882M
 Pre-touch: Disabled
 Parallel Workers: 10
 Concurrent Workers: 3
 Concurrent Refinement Workers: 10
 Periodic GC: Disabled
Heap:
 garbage-first heap   total 89088K, used 47737K [0x000000008a600000, 0x0000000100000000)
  region size 1024K, 23 young (23552K), 5 survivors (5120K)
 Metaspace       used 72968K, committed 73536K, reserved 1114112K
  class space    used 10122K, committed 10368K, reserved 1048576K
GC Heap History (20 events):
Event: 2.742 GC heap before
{Heap before GC invocations=5 (full 0):
 garbage-first heap   total 48128K, used 16578K [0x000000008a600000, 0x0000000100000000)
  region size 1024K, 4 young (4096K), 3 survivors (3072K)
 Metaspace       used 26649K, committed 27072K, reserved 1073152K
  class space    used 3380K, committed 3584K, reserved 1048576K
}
Event: 2.747 GC heap after
{Heap after GC invocations=6 (full 0):
 garbage-first heap   total 48128K, used 16474K [0x000000008a600000, 0x0000000100000000)
  region size 1024K, 1 young (1024K), 1 survivors (1024K)
 Metaspace       used 26649K, committed 27072K, reserved 1073152K
  class space    used 3380K, committed 3584K, reserved 1048576K
}
Event: 3.022 GC heap before
{Heap before GC invocations=6 (full 0):
 garbage-first heap   total 48128K, used 34906K [0x000000008a600000, 0x0000000100000000)
  region size 1024K, 19 young (19456K), 1 survivors (1024K)
 Metaspace       used 30329K, committed 30720K, reserved 1081344K
  class space    used 3894K, committed 4096K, reserved 1048576K
}
Event: 3.023 GC heap after
{Heap after GC invocations=7 (full 0):
 garbage-first heap   total 48128K, used 16933K [0x000000008a600000, 0x0000000100000000)
  region size 1024K, 2 young (2048K), 2 survivors (2048K)
 Metaspace       used 30329K, committed 30720K, reserved 1081344K
  class space    used 3894K, committed 4096K, reserved 1048576K
}
Event: 3.346 GC heap before
{Heap before GC invocations=7 (full 0):
 garbage-first heap   total 48128K, used 34341K [0x000000008a600000, 0x0000000100000000)
  region size 1024K, 20 young (20480K), 2 survivors (2048K)
 Metaspace       used 35564K, committed 35968K, reserved 1081344K
  class space    used 4634K, committed 4864K, reserved 1048576K
}
Event: 3.347 GC heap after
{Heap after GC invocations=8 (full 0):
 garbage-first heap   total 48128K, used 18118K [0x000000008a600000, 0x0000000100000000)
  region size 1024K, 3 young (3072K), 3 survivors (3072K)
 Metaspace       used 35564K, committed 35968K, reserved 1081344K
  class space    used 4634K, committed 4864K, reserved 1048576K
}
Event: 3.806 GC heap before
{Heap before GC invocations=9 (full 0):
 garbage-first heap   total 48128K, used 34502K [0x000000008a600000, 0x0000000100000000)
  region size 1024K, 20 young (20480K), 3 survivors (3072K)
 Metaspace       used 43180K, committed 43584K, reserved 1089536K
  class space    used 5641K, committed 5824K, reserved 1048576K
}
Event: 3.808 GC heap after
{Heap after GC invocations=10 (full 0):
 garbage-first heap   total 92160K, used 19901K [0x000000008a600000, 0x0000000100000000)
  region size 1024K, 3 young (3072K), 3 survivors (3072K)
 Metaspace       used 43180K, committed 43584K, reserved 1089536K
  class space    used 5641K, committed 5824K, reserved 1048576K
}
Event: 3.819 GC heap before
{Heap before GC invocations=10 (full 0):
 garbage-first heap   total 92160K, used 19901K [0x000000008a600000, 0x0000000100000000)
  region size 1024K, 4 young (4096K), 3 survivors (3072K)
 Metaspace       used 43324K, committed 43712K, reserved 1089536K
  class space    used 5654K, committed 5824K, reserved 1048576K
}
Event: 3.822 GC heap after
{Heap after GC invocations=11 (full 0):
 garbage-first heap   total 92160K, used 20128K [0x000000008a600000, 0x0000000100000000)
  region size 1024K, 1 young (1024K), 1 survivors (1024K)
 Metaspace       used 43324K, committed 43712K, reserved 1089536K
  class space    used 5654K, committed 5824K, reserved 1048576K
}
Event: 4.610 GC heap before
{Heap before GC invocations=11 (full 0):
 garbage-first heap   total 92160K, used 66208K [0x000000008a600000, 0x0000000100000000)
  region size 1024K, 46 young (47104K), 1 survivors (1024K)
 Metaspace       used 54153K, committed 54656K, reserved 1097728K
  class space    used 7293K, committed 7552K, reserved 1048576K
}
Event: 4.612 GC heap after
{Heap after GC invocations=12 (full 0):
 garbage-first heap   total 92160K, used 21919K [0x000000008a600000, 0x0000000100000000)
  region size 1024K, 3 young (3072K), 3 survivors (3072K)
 Metaspace       used 54153K, committed 54656K, reserved 1097728K
  class space    used 7293K, committed 7552K, reserved 1048576K
}
Event: 5.652 GC heap before
{Heap before GC invocations=12 (full 0):
 garbage-first heap   total 92160K, used 57759K [0x000000008a600000, 0x0000000100000000)
  region size 1024K, 39 young (39936K), 3 survivors (3072K)
 Metaspace       used 59665K, committed 60160K, reserved 1105920K
  class space    used 8045K, committed 8320K, reserved 1048576K
}
Event: 5.655 GC heap after
{Heap after GC invocations=13 (full 0):
 garbage-first heap   total 92160K, used 24602K [0x000000008a600000, 0x0000000100000000)
  region size 1024K, 5 young (5120K), 5 survivors (5120K)
 Metaspace       used 59665K, committed 60160K, reserved 1105920K
  class space    used 8045K, committed 8320K, reserved 1048576K
}
Event: 5.918 GC heap before
{Heap before GC invocations=14 (full 0):
 garbage-first heap   total 89088K, used 69658K [0x000000008a600000, 0x0000000100000000)
  region size 1024K, 49 young (50176K), 5 survivors (5120K)
 Metaspace       used 61529K, committed 62080K, reserved 1105920K
  class space    used 8419K, committed 8640K, reserved 1048576K
}
Event: 5.923 GC heap after
{Heap after GC invocations=15 (full 0):
 garbage-first heap   total 89088K, used 26455K [0x000000008a600000, 0x0000000100000000)
  region size 1024K, 5 young (5120K), 5 survivors (5120K)
 Metaspace       used 61529K, committed 62080K, reserved 1105920K
  class space    used 8419K, committed 8640K, reserved 1048576K
}
Event: 6.150 GC heap before
{Heap before GC invocations=15 (full 0):
 garbage-first heap   total 89088K, used 67415K [0x000000008a600000, 0x0000000100000000)
  region size 1024K, 45 young (46080K), 5 survivors (5120K)
 Metaspace       used 64163K, committed 64704K, reserved 1105920K
  class space    used 8969K, committed 9216K, reserved 1048576K
}
Event: 6.154 GC heap after
{Heap after GC invocations=16 (full 0):
 garbage-first heap   total 89088K, used 28208K [0x000000008a600000, 0x0000000100000000)
  region size 1024K, 4 young (4096K), 4 survivors (4096K)
 Metaspace       used 64163K, committed 64704K, reserved 1105920K
  class space    used 8969K, committed 9216K, reserved 1048576K
}
Event: 13.963 GC heap before
{Heap before GC invocations=16 (full 0):
 garbage-first heap   total 89088K, used 69168K [0x000000008a600000, 0x0000000100000000)
  region size 1024K, 44 young (45056K), 4 survivors (4096K)
 Metaspace       used 69195K, committed 69760K, reserved 1114112K
  class space    used 9636K, committed 9920K, reserved 1048576K
}
Event: 13.968 GC heap after
{Heap after GC invocations=17 (full 0):
 garbage-first heap   total 89088K, used 31353K [0x000000008a600000, 0x0000000100000000)
  region size 1024K, 5 young (5120K), 5 survivors (5120K)
 Metaspace       used 69195K, committed 69760K, reserved 1114112K
  class space    used 9636K, committed 9920K, reserved 1048576K
}

